<?xml version="1.0" encoding="UTF-8"?>
<!-- Generated by org.testng.reporters.JUnitReportReporter -->
<testsuite skipped="0" hostname="DESKTOP-0MPBAPB" name="docker.ChromeTest1" tests="1" failures="0" timestamp="29 Mar 2020 03:03:08 GMT" time="30.801" errors="0">
  <testcase name="testCR1" time="30.801" classname="docker.ChromeTest1"/>
</testsuite> <!-- docker.ChromeTest1 -->
