<?xml version="1.0" encoding="UTF-8"?>
<!-- Generated by org.testng.reporters.JUnitReportReporter -->
<testsuite skipped="0" hostname="DESKTOP-0MPBAPB" name="docker.ChromeTest2" tests="1" failures="0" timestamp="29 Mar 2020 03:03:08 GMT" time="6.494" errors="0">
  <testcase name="testCR2" time="6.494" classname="docker.ChromeTest2"/>
</testsuite> <!-- docker.ChromeTest2 -->
