<?xml version="1.0" encoding="UTF-8"?>
<!-- Generated by org.testng.reporters.JUnitReportReporter -->
<testsuite skipped="0" hostname="DESKTOP-0MPBAPB" name="docker.ChromeTest3" tests="1" failures="0" timestamp="29 Mar 2020 03:03:08 GMT" time="27.152" errors="0">
  <testcase name="testCR3" time="27.152" classname="docker.ChromeTest3"/>
</testsuite> <!-- docker.ChromeTest3 -->
