<?xml version="1.0" encoding="UTF-8"?>
<!-- Generated by org.testng.reporters.JUnitReportReporter -->
<testsuite skipped="0" hostname="DESKTOP-0MPBAPB" name="docker.FirefoxTest3" tests="1" failures="0" timestamp="29 Mar 2020 03:03:08 GMT" time="26.797" errors="0">
  <testcase name="testFF3" time="26.797" classname="docker.FirefoxTest3"/>
</testsuite> <!-- docker.FirefoxTest3 -->
