<?xml version="1.0" encoding="UTF-8"?>
<!-- Generated by org.testng.reporters.JUnitReportReporter -->
<testsuite skipped="0" hostname="DESKTOP-0MPBAPB" name="docker.FirefoxTest2" tests="1" failures="0" timestamp="29 Mar 2020 03:03:08 GMT" time="44.882" errors="0">
  <testcase name="testFF2" time="44.882" classname="docker.FirefoxTest2"/>
</testsuite> <!-- docker.FirefoxTest2 -->
