<?xml version="1.0" encoding="UTF-8"?>
<!-- Generated by org.testng.reporters.JUnitReportReporter -->
<testsuite skipped="0" hostname="DESKTOP-0MPBAPB" name="docker.FirefoxTest1" tests="1" failures="0" timestamp="29 Mar 2020 03:03:08 GMT" time="37.615" errors="0">
  <testcase name="testFF1" time="37.615" classname="docker.FirefoxTest1"/>
</testsuite> <!-- docker.FirefoxTest1 -->
